Info: Start Nativelink Simulation process

========= EDA Simulation Settings =====================

Sim Mode              :  Gate
Family                :  max10
Quartus root          :  c:/intelfpga_lite/18.3/quartus/bin64/
Quartus sim root      :  c:/intelfpga_lite/18.3/quartus/eda/sim_lib
Simulation Tool       :  modelsim-altera
Simulation Language   :  verilog
Simulation Mode       :  GUI
Sim Output File       :  full.vo
Sim SDF file          :  full__verilog.sdo
Sim dir               :  simulation\modelsim

=======================================================

Info: Starting NativeLink simulation with ModelSim-Altera software
Sourced NativeLink script c:/intelfpga_lite/18.3/quartus/common/tcl/internal/nativelink/modelsim.tcl
Warning: File full_run_msim_gate_verilog.do already exists - backing up current file as full_run_msim_gate_verilog.do.bak
Probing transcript
ModelSim-Altera Info: # Reading C:/intelFPGA/18.1/modelsim_ase/tcl/vsim/pref.tcl
ModelSim-Altera Info: # do full_run_msim_gate_verilog.do
ModelSim-Altera Info: # if {[file exists gate_work]} {
ModelSim-Altera Info: # 	vdel -lib gate_work -all
ModelSim-Altera Info: # }
ModelSim-Altera Info: # vlib gate_work
ModelSim-Altera Info: # vmap work gate_work
ModelSim-Altera Info: # Model Technology ModelSim - Intel FPGA Edition vmap 10.5b Lib Mapping Utility 2016.10 Oct  5 2016
ModelSim-Altera Info: # vmap work gate_work 
ModelSim-Altera Info: # Copying C:/intelFPGA/18.1/modelsim_ase/win32aloem/../modelsim.ini to modelsim.ini
ModelSim-Altera Info: # Modifying modelsim.ini
ModelSim-Altera Info: # 
ModelSim-Altera Info: # vlog -vlog01compat -work work +incdir+. {full.vo}
ModelSim-Altera Info: # Model Technology ModelSim - Intel FPGA Edition vlog 10.5b Compiler 2016.10 Oct  5 2016
ModelSim-Altera Info: # Start time: 00:09:36 on Nov 06,2020
ModelSim-Altera Info: # vlog -reportprogress 300 -vlog01compat -work work "+incdir+." full.vo 
ModelSim-Altera Info: # -- Compiling module full
ModelSim-Altera Info: # -- Compiling module hard_block
ModelSim-Altera Info: # 
ModelSim-Altera Info: # Top level modules:
ModelSim-Altera Info: # 	full
ModelSim-Altera Info: # End time: 00:09:36 on Nov 06,2020, Elapsed time: 0:00:00
ModelSim-Altera Info: # Errors: 0, Warnings: 0
ModelSim-Altera Info: # 
ModelSim-Altera Info: # vlog -vlog01compat -work work +incdir+D:/innopolis\ 1st\ semestr/Computer\ Architecture/week10/ex2 {D:/innopolis 1st semestr/Computer Architecture/week10/ex2/full.v}
ModelSim-Altera Info: # Model Technology ModelSim - Intel FPGA Edition vlog 10.5b Compiler 2016.10 Oct  5 2016
ModelSim-Altera Info: # Start time: 00:09:37 on Nov 06,2020
ModelSim-Altera Info: # vlog -reportprogress 300 -vlog01compat -work work "+incdir+D:/innopolis 1st semestr/Computer Architecture/week10/ex2" D:/innopolis 1st semestr/Computer Architecture/week10/ex2/full.v 
ModelSim-Altera Info: # -- Compiling module full
ModelSim-Altera Info: # 
ModelSim-Altera Info: # Top level modules:
ModelSim-Altera Info: # 	full
ModelSim-Altera Info: # End time: 00:09:37 on Nov 06,2020, Elapsed time: 0:00:00
ModelSim-Altera Info: # Errors: 0, Warnings: 0
ModelSim-Altera Info: # vlog -vlog01compat -work work +incdir+D:/innopolis\ 1st\ semestr/Computer\ Architecture/week10/ex2 {D:/innopolis 1st semestr/Computer Architecture/week10/ex2/testbench.v}
ModelSim-Altera Info: # Model Technology ModelSim - Intel FPGA Edition vlog 10.5b Compiler 2016.10 Oct  5 2016
ModelSim-Altera Info: # Start time: 00:09:37 on Nov 06,2020
ModelSim-Altera Info: # vlog -reportprogress 300 -vlog01compat -work work "+incdir+D:/innopolis 1st semestr/Computer Architecture/week10/ex2" D:/innopolis 1st semestr/Computer Architecture/week10/ex2/testbench.v 
ModelSim-Altera Info: # -- Compiling module testbench
ModelSim-Altera Info: # 
ModelSim-Altera Info: # Top level modules:
ModelSim-Altera Info: # 	testbench
ModelSim-Altera Info: # End time: 00:09:37 on Nov 06,2020, Elapsed time: 0:00:00
ModelSim-Altera Info: # Errors: 0, Warnings: 0
ModelSim-Altera Info: # 
ModelSim-Altera Info: # vsim -t 1ps +transport_int_delays +transport_path_delays -L altera_ver -L altera_lnsim_ver -L fiftyfivenm_ver -L gate_work -L work -voptargs="+acc"  test
ModelSim-Altera Info: # vsim -t 1ps "+transport_int_delays" "+transport_path_delays" -L altera_ver -L altera_lnsim_ver -L fiftyfivenm_ver -L gate_work -L work -voptargs=""+acc"" test 
ModelSim-Altera Info: # Start time: 00:09:38 on Nov 06,2020
ModelSim-Altera Error: # ** Error: (vsim-3170) Could not find 'test'.
ModelSim-Altera Info: #         Searched libraries:
ModelSim-Altera Info: #             C:/intelFPGA/18.1/modelsim_ase/altera/verilog/altera
ModelSim-Altera Info: #             C:/intelFPGA/18.1/modelsim_ase/altera/verilog/altera_lnsim
ModelSim-Altera Info: #             C:/intelFPGA/18.1/modelsim_ase/altera/verilog/fiftyfivenm
ModelSim-Altera Info: #             D:/innopolis 1st semestr/Computer Architecture/week10/ex2/simulation/modelsim/gate_work
ModelSim-Altera Info: #             D:/innopolis 1st semestr/Computer Architecture/week10/ex2/simulation/modelsim/gate_work
ModelSim-Altera Info: # Error loading design
ModelSim-Altera Info: # Error: Error loading design
ModelSim-Altera Info: #        Pausing macro execution
ModelSim-Altera Info: # MACRO ./full_run_msim_gate_verilog.do PAUSED at line 13
ModelSim-Altera Info: vsim -t 1ps +transport_int_delays +transport_path_delays -L altera_ver -L altera_lnsim_ver -L fiftyfivenm_ver -L gate_work -L work -voptargs=\"+acc\" work.testbench
ModelSim-Altera Info: # vsim -t 1ps "+transport_int_delays" "+transport_path_delays" -L altera_ver -L altera_lnsim_ver -L fiftyfivenm_ver -L gate_work -L work -voptargs=""+acc"" work.testbench 
ModelSim-Altera Info: # Start time: 00:09:38 on Nov 06,2020
ModelSim-Altera Info: # Loading work.testbench
ModelSim-Altera Info: # Loading work.full
ModelSim-Altera Info: run -all
ModelSim-Altera Info: # a= 0 b = 1 carry_in = 0 sum = 1 carry_out = 0
ModelSim-Altera Info: # a= 0 b = 1 carry_in = 1 sum = 0 carry_out = 1
ModelSim-Altera Info: # a= 1 b = 0 carry_in = 1 sum = 0 carry_out = 1
ModelSim-Altera Info: # a= 1 b = 0 carry_in = 0 sum = 1 carry_out = 0
ModelSim-Altera Info: # a= 0 b = 0 carry_in = 0 sum = 0 carry_out = 0
ModelSim-Altera Info: # a= 0 b = 0 carry_in = 1 sum = 1 carry_out = 0
ModelSim-Altera Info: # a= 1 b = 1 carry_in = 1 sum = 1 carry_out = 1
ModelSim-Altera Info: # a= 1 b = 1 carry_in = 0 sum = 0 carry_out = 1
ModelSim-Altera Info: # End time: 00:11:55 on Nov 06,2020, Elapsed time: 0:02:17
ModelSim-Altera Info: # Errors: 1, Warnings: 0
Error: Errors encountered while running modelsim do file
Error: NativeLink simulation flow was NOT successful



================The following additional information is provided to help identify the cause of error while running nativelink scripts=================
Nativelink TCL script failed with errorCode:  1
Nativelink TCL script failed with errorInfo:  1
    (procedure "launch_sim" line 1)
    invoked from within
"launch_sim launch_args_hash"
    ("eval" body line 1)
    invoked from within
"eval launch_sim launch_args_hash"
    invoked from within
"if [ info exists ::errorCode ] {
                set savedCode $::errorCode
                set savedInfo $::errorInfo
                error $result $..."
    invoked from within
"if [catch {eval launch_sim launch_args_hash} result ] {
            set status 1
            if [ info exists ::errorCode ] {
                set save..."
    (procedure "run_sim" line 74)
    invoked from within
"run_sim run_sim_args_hash"
    invoked from within
"if [ info exists ::errorCode ] {
            set savedCode $::errorCode
            set savedInfo $::errorInfo
            error "$result" $savedInfo ..."
    (procedure "run_eda_simulation_tool" line 334)
    invoked from within
"run_eda_simulation_tool eda_opts_hash"
